This is pdfTeX, Version 3.1415926-2.4-1.40.13 (TeX Live 2012/Debian) (format=prv_th-loesung-10 2013.1.9)  9 JAN 2013 10:09
entering extended mode
 restricted \write18 enabled.
 %&-line parsing enabled.
**&prv_th-loesung-10 _region_.tex
(./_region_.tex
LaTeX2e <2011/06/27>
Babel <v3.8m> and hyphenation patterns for english, dumylang, nohyphenation, lo
aded.
CUSTOMISED FORMAT. Preloaded files:
        .
  amsart.cls    2009/07/02 v2.20.1
 amsmath.sty    2000/07/18 v2.13 AMS math features
 amstext.sty    2000/06/29 v2.01
  amsgen.sty    1999/11/30 v2.0
  amsbsy.sty    1999/11/29 v1.2d
  amsopn.sty    1999/12/14 v2.01 operator names
    umsa.fd    2009/06/22 v3.00 AMS symbols A
amsfonts.sty    2009/06/22 v3.00 Basic AMSFonts support
inputenc.sty    2008/03/30 v1.1d Input encoding file
    utf8.def    2008/04/05 v1.1m UTF-8 support for inputenc
   t1enc.dfu    2008/04/05 v1.1m UTF-8 support for inputenc
  ot1enc.dfu    2008/04/05 v1.1m UTF-8 support for inputenc
  omsenc.dfu    2008/04/05 v1.1m UTF-8 support for inputenc
 amssymb.sty    2009/06/22 v3.00
verbatim.sty    2003/08/22 v1.5q LaTeX2e package for verbatim enhancements
   color.sty    2005/11/14 v1.0j Standard LaTeX Color (DPC)
   color.cfg    2007/01/18 v1.5 color configuration of teTeX/TeXLive
   dvips.def    1999/02/16 v3.0i Driver-dependant file (DPC,SPQR)
dvipsnam.def    1999/02/16 v3.0i Driver-dependant file (DPC,SPQR)
geometry.sty    2010/09/12 v5.6 Page Geometry
  keyval.sty    1999/03/16 v1.13 key=value parser (DPC)
   ifpdf.sty    2011/01/30 v2.3 Provides the ifpdf switch (HO)
  ifvtex.sty    2010/03/01 v1.5 Detect VTeX and its facilities (HO)
 ifxetex.sty    2010/09/12 v0.6 Provides ifxetex conditional
stmaryrd.sty    1994/03/03 St Mary's Road symbol package
graphicx.sty    1999/02/16 v1.0f Enhanced LaTeX Graphics (DPC,SPQR)
graphics.sty    2009/02/05 v1.0o Standard LaTeX Graphics (DPC,SPQR)
    trig.sty    1999/03/16 v1.09 sin cos tan (DPC)
graphics.cfg    2010/04/23 v1.9 graphics configuration of TeX Live
    umsa.fd    2009/06/22 v3.00 AMS symbols A
    umsb.fd    2009/06/22 v3.00 AMS symbols B
  Ustmry.fd
        .
No file _region_.aux.
LaTeX Font Info:    Checking defaults for OML/cmm/m/it on input line 38.
LaTeX Font Info:    ... okay on input line 38.
LaTeX Font Info:    Checking defaults for T1/cmr/m/n on input line 38.
LaTeX Font Info:    ... okay on input line 38.
LaTeX Font Info:    Checking defaults for OT1/cmr/m/n on input line 38.
LaTeX Font Info:    ... okay on input line 38.
LaTeX Font Info:    Checking defaults for OMS/cmsy/m/n on input line 38.
LaTeX Font Info:    ... okay on input line 38.
LaTeX Font Info:    Checking defaults for OMX/cmex/m/n on input line 38.
LaTeX Font Info:    ... okay on input line 38.
LaTeX Font Info:    Checking defaults for U/cmr/m/n on input line 38.
LaTeX Font Info:    ... okay on input line 38.
(/usr/share/texmf/tex/latex/preview/preview.sty
Package: preview 2010/02/14 11.86 (AUCTeX/preview-latex)

(/usr/share/texmf/tex/latex/preview/prtightpage.def
\PreviewBorder=\dimen124
)
(/usr/share/texmf/tex/latex/preview/prauctex.def
No auxiliary output files.


\hbadness=\count108
\hfuzz=\dimen125
(/usr/share/texmf/tex/latex/preview/prauctex.cfg))
(/usr/share/texmf/tex/latex/preview/prfootnotes.def)
\pr@snippet=\count109
\pr@box=\box29
\pr@output=\toks31

Preview: Fontsize 10.95pt
)
*geometry* driver: auto-detecting
*geometry* detected driver: dvips
*geometry* verbose mode - [ preamble ] result:
* driver: dvips
* paper: a4paper
* layout: <same size as paper>
* layoutoffset:(h,v)=(0.0pt,0.0pt)
* modes: twoside 
* h-part:(L,W,R)=(56.9055pt, 483.69687pt, 56.9055pt)
* v-part:(T,H,B)=(42.67912pt, 759.6886pt, 42.67912pt)
* \paperwidth=597.50787pt
* \paperheight=845.04684pt
* \textwidth=483.69687pt
* \textheight=759.6886pt
* \oddsidemargin=-15.36449pt
* \evensidemargin=-15.36449pt
* \topmargin=-51.59087pt
* \headheight=8.0pt
* \headsep=14.0pt
* \topskip=10.0pt
* \footskip=12.0pt
* \marginparwidth=90.0pt
* \marginparsep=11.0pt
* \columnsep=10.0pt
* \skip\footins=7.0pt plus 11.0pt
* \hoffset=0.0pt
* \voffset=0.0pt
* \mag=1000
* \@twocolumnfalse
* \@twosidetrue
* \@mparswitchtrue
* \@reversemarginfalse
* (1in=72.27pt=25.4mm, 1cm=28.453pt)

 !name(th-loesung-10.tex) !offset(-3) 
! Preview: Snippet 1 started.
<-><->
      
l.44 \subsection
                *{Aufgabe 30}
Not a real error.

Preview: Tightpage -32891 -32891 32891 32891
! Preview: Snippet 1 ended.(498346+139537x4337579).
<-><->
      
l.44 \subsection*{Aufgabe 30}
                             
Not a real error.

[1

]
! Preview: Snippet 2 started.
<-><->
      
l.46 $
      \script{A} = (Q, \Sigma, \Gamma, \delta, q_0, \bar{b}, F)$ \\
Not a real error.

! Undefined control sequence.
<recently read> \script 
                        
l.46 $\script
             {A} = (Q, \Sigma, \Gamma, \delta, q_0, \bar{b}, F)$ \\
The control sequence at the end of the top line
of your error message was never \def'ed. If you have
misspelled it (e.g., `\hobx'), type `I' and the correct
spelling (e.g., `I\hbox'). Otherwise just continue,
and I'll forget about whatever was undefined.

! Preview: Snippet 2 ended.(596819+179404x7307940).
<-><->
      
l.46 ... \Sigma, \Gamma, \delta, q_0, \bar{b}, F)$
                                                   \\
Not a real error.

[2]

! LaTeX Error: There's no line here to end.

See the LaTeX manual or LaTeX Companion for explanation.
Type  H <return>  for immediate help.
 ...                                              
                                                  
l.47 $
      Q = \{q_0, q_1, q_f \}$ \\
Your command was ignored.
Type  I <command> <return>  to replace it with another command,
or  <return>  to continue without it.

! Preview: Snippet 3 started.
<-><->
      
l.47 $
      Q = \{q_0, q_1, q_f \}$ \\
Not a real error.

! Preview: Snippet 3 ended.(538214+218855x4821477).
<-><->
      
l.47 $Q = \{q_0, q_1, q_f \}$
                              \\
Not a real error.

[3]

! LaTeX Error: There's no line here to end.

See the LaTeX manual or LaTeX Companion for explanation.
Type  H <return>  for immediate help.
 ...                                              
                                                  
l.48 $
      \Sigma = \{0, 1\}$ \\
Your command was ignored.
Type  I <command> <return>  to replace it with another command,
or  <return>  to continue without it.

! Preview: Snippet 4 started.
<-><->
      
l.48 $
      \Sigma = \{0, 1\}$ \\
Not a real error.

! Preview: Snippet 4 ended.(538214+179404x3229281).
<-><->
      
l.48 $\Sigma = \{0, 1\}$
                         \\
Not a real error.

[4]

! LaTeX Error: There's no line here to end.

See the LaTeX manual or LaTeX Companion for explanation.
Type  H <return>  for immediate help.
 ...                                              
                                                  
l.49 $
      \Gamma = \{0, 1, \bar{b} \}$ \\
Your command was ignored.
Type  I <command> <return>  to replace it with another command,
or  <return>  to continue without it.

! Preview: Snippet 5 started.
<-><->
      
l.49 $
      \Gamma = \{0, 1, \bar{b} \}$ \\
Not a real error.

! Preview: Snippet 5 ended.(596819+179404x3786431).
<-><->
      
l.49 $\Gamma = \{0, 1, \bar{b} \}$
                                   \\
Not a real error.

[5]

! LaTeX Error: There's no line here to end.

See the LaTeX manual or LaTeX Companion for explanation.
Type  H <return>  for immediate help.
 ...                                              
                                                  
l.50 $
      F = \{q_f\}$ \\
Your command was ignored.
Type  I <command> <return>  to replace it with another command,
or  <return>  to continue without it.

! Preview: Snippet 6 started.
<-><->
      
l.50 $
      F = \{q_f\}$ \\
Not a real error.

! Preview: Snippet 6 ended.(538214+218855x2914109).
<-><->
      
l.50 $F = \{q_f\}$
                   \\
Not a real error.

[6]

! LaTeX Error: There's no line here to end.

See the LaTeX manual or LaTeX Companion for explanation.
Type  H <return>  for immediate help.
 ...                                              
                                                  
l.51 $
      \delta:$ \\
Your command was ignored.
Type  I <command> <return>  to replace it with another command,
or  <return>  to continue without it.

! Preview: Snippet 7 started.
<-><->
      
l.51 $
      \delta:$ \\
Not a real error.

! Preview: Snippet 7 ended.(498346+0x744774).
<-><->
      
l.51 $\delta:$
               \\
Not a real error.

[7]

! LaTeX Error: There's no line here to end.

See the LaTeX manual or LaTeX Companion for explanation.
Type  H <return>  for immediate help.
 ...                                              
                                                  
l.52 $
      \begin{array}{cccccc}
Your command was ignored.
Type  I <command> <return>  to replace it with another command,
or  <return>  to continue without it.

! Preview: Snippet 8 started.
<-><->
      
l.52 $
      \begin{array}{cccccc}
Not a real error.

! Preview: Snippet 8 ended.(3161514+2802706x29154031).
<-><->
      
l.60 \end{array}$
                 
Not a real error.

[8]
! Preview: Snippet 9 started.
<-><->
      
l.62 \subsection
                *{Aufgabe 31}
Not a real error.

! Preview: Snippet 9 ended.(498346+139537x4337579).
<-><->
      
l.62 \subsection*{Aufgabe 31}
                             
Not a real error.

[9

]
! Preview: Snippet 10 started.
<-><->
      
l.65   $
        s_n = $\=$ $\underline{in}$ (X_1); $\underline{var}$(X_,X_);$ \\
Not a real error.

! Preview: Snippet 10 ended.(308974+107642x1464636).
<-><->
      
l.65   $s_n = $
               \=$ $\underline{in}$ (X_1); $\underline{var}$(X_,X_);$ \\
Not a real error.

[10]
! Preview: Snippet 11 started.
<-><->
      
l.65   $s_n = $\=$
                   $\underline{in}$ (X_1); $\underline{var}$(X_,X_);$ \\
Not a real error.

! Preview: Snippet 11 ended.(0+0x0).
<-><->
      
l.65   $s_n = $\=$ $
                    \underline{in}$ (X_1); $\underline{var}$(X_,X_);$ \\
Not a real error.

[11]
! Preview: Snippet 12 started.
<-><->
      
l.65   $s_n = $\=$ $\underline{in}$
                                    (X_1); $\underline{var}$(X_,X_);$ \\
Not a real error.

! Preview: Snippet 12 ended.(538214+179404x1663317).
<-><->
      
l.65   $s_n = $\=$ $\underline{in}$ (X_1); $
                                            \underline{var}$(X_,X_);$ \\
Not a real error.

[12]
! Preview: Snippet 13 started.
<-><->
      
l.65 ... $\underline{in}$ (X_1); $\underline{var}$
                                                  (X_,X_);$ \\
Not a real error.

! Preview: Snippet 13 ended.(538214+277109x2104382).
<-><->
      
l.65 ...ine{in}$ (X_1); $\underline{var}$(X_,X_);$
                                                   \\
Not a real error.

[13]
! Preview: Snippet 14 started.
<-><->
      
l.66   \>$
           X_2 = 0;$ \\
Not a real error.

! Preview: Snippet 14 ended.(490372+139537x2420797).
<-><->
      
l.66   \>$ X_2 = 0;$
                     \\
Not a real error.

[14]
! Preview: Snippet 15 started.
<-><->
      
l.67   \>$
           X_3 = 0;$ \\
Not a real error.

! Preview: Snippet 15 ended.(490372+139537x2420797).
<-><->
      
l.67   \>$ X_3 = 0;$
                     \\
Not a real error.

[15]
! Preview: Snippet 16 started.
<-><->
      
l.68   \>$
           $\underline{loop}$ X_1(X_2 = X_3 + 1);$ \\
Not a real error.

! Preview: Snippet 16 ended.(0+0x0).
<-><->
      
l.68   \>$ $
            \underline{loop}$ X_1(X_2 = X_3 + 1);$ \\
Not a real error.

[16]
! Preview: Snippet 17 started.
<-><->
      
l.68   \>$ $\underline{loop}$
                              X_1(X_2 = X_3 + 1);$ \\
Not a real error.

! Preview: Snippet 17 ended.(538214+179404x5667689).
<-><->
      
l.68   \>$ $\underline{loop}$ X_1(X_2 = X_3 + 1);$
                                                   \\
Not a real error.

[17]
! Preview: Snippet 18 started.
<-><->
      
l.69   \>$
           $\underline{out}$ (X_2);$
Not a real error.

! Preview: Snippet 18 ended.(0+0x0).
<-><->
      
l.69   \>$ $
            \underline{out}$ (X_2);$
Not a real error.

[18]
! Preview: Snippet 19 started.
<-><->
      
l.69   \>$ $\underline{out}$
                             (X_2);$
Not a real error.

! Preview: Snippet 19 ended.(538214+179404x1663317).
<-><->
      
l.69   \>$ $\underline{out}$ (X_2);$
                                    
Not a real error.

[19]
! Preview: Snippet 20 started.
<-><->
      
l.74   $
        \a_1 := X_2 := 0$ \\
Not a real error.


LaTeX Warning: Command \_ invalid in math mode on input line 74.


! LaTeX Error: Command \_ unavailable in encoding OT1.

See the LaTeX manual or LaTeX Companion for explanation.
Type  H <return>  for immediate help.
 ...                                              
                                                  
l.74   $\a_
           1 := X_2 := 0$ \\
Your command was ignored.
Type  I <command> <return>  to replace it with another command,
or  <return>  to continue without it.

! Preview: Snippet 20 ended.(490372+107642x3935766).
<-><->
      
l.74   $\a_1 := X_2 := 0$
                          \\
Not a real error.

[20]

! LaTeX Error: There's no line here to end.

See the LaTeX manual or LaTeX Companion for explanation.
Type  H <return>  for immediate help.
 ...                                              
                                                  
l.75   $
        \a_2 := X_3 := 0$ \\
Your command was ignored.
Type  I <command> <return>  to replace it with another command,
or  <return>  to continue without it.

! Preview: Snippet 21 started.
<-><->
      
l.75   $
        \a_2 := X_3 := 0$ \\
Not a real error.


LaTeX Warning: Command \_ invalid in math mode on input line 75.


! LaTeX Error: Command \_ unavailable in encoding OT1.

See the LaTeX manual or LaTeX Companion for explanation.
Type  H <return>  for immediate help.
 ...                                              
                                                  
l.75   $\a_
           2 := X_3 := 0$ \\
Your command was ignored.
Type  I <command> <return>  to replace it with another command,
or  <return>  to continue without it.

! Preview: Snippet 21 ended.(490372+107642x3935766).
<-><->
      
l.75   $\a_2 := X_3 := 0$
                          \\
Not a real error.

[21]

! LaTeX Error: There's no line here to end.

See the LaTeX manual or LaTeX Companion for explanation.
Type  H <return>  for immediate help.
 ...                                              
                                                  
l.76   $
        \a_3 := loop X_1(X_2 = X_3 + 1)$ \\
Your command was ignored.
Type  I <command> <return>  to replace it with another command,
or  <return>  to continue without it.

! Preview: Snippet 22 started.
<-><->
      
l.76   $
        \a_3 := loop X_1(X_2 = X_3 + 1)$ \\
Not a real error.


LaTeX Warning: Command \_ invalid in math mode on input line 76.


! LaTeX Error: Command \_ unavailable in encoding OT1.

See the LaTeX manual or LaTeX Companion for explanation.
Type  H <return>  for immediate help.
 ...                                              
                                                  
l.76   $\a_
           3 := loop X_1(X_2 = X_3 + 1)$ \\
Your command was ignored.
Type  I <command> <return>  to replace it with another command,
or  <return>  to continue without it.

! Preview: Snippet 22 ended.(538214+179404x8268307).
<-><->
      
l.76   $\a_3 := loop X_1(X_2 = X_3 + 1)$
                                         \\
Not a real error.

[22]

! LaTeX Error: There's no line here to end.

See the LaTeX manual or LaTeX Companion for explanation.
Type  H <return>  for immediate help.
 ...                                              
                                                  
l.77   $
        [[\a_1]]{(3)}(\a_1,\a_2,\a_3) = [[\a_1 := X_2 := 0]]^{(3)}(\a_1,\a_2...

Your command was ignored.
Type  I <command> <return>  to replace it with another command,
or  <return>  to continue without it.

! Preview: Snippet 23 started.
<-><->
      
l.77   $
        [[\a_1]]{(3)}(\a_1,\a_2,\a_3) = [[\a_1 := X_2 := 0]]^{(3)}(\a_1,\a_2...

Not a real error.


LaTeX Warning: Command \_ invalid in math mode on input line 77.


! LaTeX Error: Command \_ unavailable in encoding OT1.

See the LaTeX manual or LaTeX Companion for explanation.
Type  H <return>  for immediate help.
 ...                                              
                                                  
l.77   $[[\a_
             1]]{(3)}(\a_1,\a_2,\a_3) = [[\a_1 := X_2 := 0]]^{(3)}(\a_1,\a_2...

Your command was ignored.
Type  I <command> <return>  to replace it with another command,
or  <return>  to continue without it.


LaTeX Warning: Command \_ invalid in math mode on input line 77.


! LaTeX Error: Command \_ unavailable in encoding OT1.

See the LaTeX manual or LaTeX Companion for explanation.
Type  H <return>  for immediate help.
 ...                                              
                                                  
l.77   $[[\a_1]]{(3)}(\a_
                         1,\a_2,\a_3) = [[\a_1 := X_2 := 0]]^{(3)}(\a_1,\a_2...

Your command was ignored.
Type  I <command> <return>  to replace it with another command,
or  <return>  to continue without it.


LaTeX Warning: Command \_ invalid in math mode on input line 77.


! LaTeX Error: Command \_ unavailable in encoding OT1.

See the LaTeX manual or LaTeX Companion for explanation.
Type  H <return>  for immediate help.
 ...                                              
                                                  
l.77   $[[\a_1]]{(3)}(\a_1,\a_
                              2,\a_3) = [[\a_1 := X_2 := 0]]^{(3)}(\a_1,\a_2...

Your command was ignored.
Type  I <command> <return>  to replace it with another command,
or  <return>  to continue without it.


LaTeX Warning: Command \_ invalid in math mode on input line 77.


! LaTeX Error: Command \_ unavailable in encoding OT1.

See the LaTeX manual or LaTeX Companion for explanation.
Type  H <return>  for immediate help.
 ...                                              
                                                  
l.77   $[[\a_1]]{(3)}(\a_1,\a_2,\a_
                                   3) = [[\a_1 := X_2 := 0]]^{(3)}(\a_1,\a_2...

Your command was ignored.
Type  I <command> <return>  to replace it with another command,
or  <return>  to continue without it.


LaTeX Warning: Command \_ invalid in math mode on input line 77.


! LaTeX Error: Command \_ unavailable in encoding OT1.

See the LaTeX manual or LaTeX Companion for explanation.
Type  H <return>  for immediate help.
 ...                                              
                                                  
l.77   $[[\a_1]]{(3)}(\a_1,\a_2,\a_3) = [[\a_
                                             1 := X_2 := 0]]^{(3)}(\a_1,\a_2...

Your command was ignored.
Type  I <command> <return>  to replace it with another command,
or  <return>  to continue without it.


LaTeX Warning: Command \_ invalid in math mode on input line 77.


! LaTeX Error: Command \_ unavailable in encoding OT1.

See the LaTeX manual or LaTeX Companion for explanation.
Type  H <return>  for immediate help.
 ...                                              
                                                  
l.77 ...a_2,\a_3) = [[\a_1 := X_2 := 0]]^{(3)}(\a_
                                                  1,\a_2,\a_3)$ \\
Your command was ignored.
Type  I <command> <return>  to replace it with another command,
or  <return>  to continue without it.


LaTeX Warning: Command \_ invalid in math mode on input line 77.


! LaTeX Error: Command \_ unavailable in encoding OT1.

See the LaTeX manual or LaTeX Companion for explanation.
Type  H <return>  for immediate help.
 ...                                              
                                                  
l.77 ...a_3) = [[\a_1 := X_2 := 0]]^{(3)}(\a_1,\a_
                                                  2,\a_3)$ \\
Your command was ignored.
Type  I <command> <return>  to replace it with another command,
or  <return>  to continue without it.


LaTeX Warning: Command \_ invalid in math mode on input line 77.


! LaTeX Error: Command \_ unavailable in encoding OT1.

See the LaTeX manual or LaTeX Companion for explanation.
Type  H <return>  for immediate help.
 ...                                              
                                                  
l.77 ...= [[\a_1 := X_2 := 0]]^{(3)}(\a_1,\a_2,\a_
                                                  3)$ \\
Your command was ignored.
Type  I <command> <return>  to replace it with another command,
or  <return>  to continue without it.

! Preview: Snippet 23 ended.(653634+179404x13052560).
<-><->
      
l.77 ...[\a_1 := X_2 := 0]]^{(3)}(\a_1,\a_2,\a_3)$
                                                   \\
Not a real error.

[23]

! LaTeX Error: There's no line here to end.

See the LaTeX manual or LaTeX Companion for explanation.
Type  H <return>  for immediate help.
 ...                                              
                                                  
l.78   $
            = (0,\a_2,\a_3)$ \\[0.3cm]
Your command was ignored.
Type  I <command> <return>  to replace it with another command,
or  <return>  to continue without it.

! Preview: Snippet 24 started.
<-><->
      
l.78   $
            = (0,\a_2,\a_3)$ \\[0.3cm]
Not a real error.


LaTeX Warning: Command \_ invalid in math mode on input line 78.


! LaTeX Error: Command \_ unavailable in encoding OT1.

See the LaTeX manual or LaTeX Companion for explanation.
Type  H <return>  for immediate help.
 ...                                              
                                                  
l.78   $    = (0,\a_
                    2,\a_3)$ \\[0.3cm]
Your command was ignored.
Type  I <command> <return>  to replace it with another command,
or  <return>  to continue without it.


LaTeX Warning: Command \_ invalid in math mode on input line 78.


! LaTeX Error: Command \_ unavailable in encoding OT1.

See the LaTeX manual or LaTeX Companion for explanation.
Type  H <return>  for immediate help.
 ...                                              
                                                  
l.78   $    = (0,\a_2,\a_
                         3)$ \\[0.3cm]
Your command was ignored.
Type  I <command> <return>  to replace it with another command,
or  <return>  to continue without it.

! Preview: Snippet 24 ended.(538214+179404x3029945).
<-><->
      
l.78   $    = (0,\a_2,\a_3)$
                             \\[0.3cm]
Not a real error.

[24]

! LaTeX Error: There's no line here to end.

See the LaTeX manual or LaTeX Companion for explanation.
Type  H <return>  for immediate help.
 ...                                              
                                                  
l.78   $    = (0,\a_2,\a_3)$ \\[0.3cm]
                                      
Your command was ignored.
Type  I <command> <return>  to replace it with another command,
or  <return>  to continue without it.

! Preview: Snippet 25 started.
<-><->
      
l.80   $
        [[\a_2]]{(3)}(\a_1,\a_2,\a_3) = [[\a_2 := X_3 := 0]]^{(3)}(\a_1,\a_2...

Not a real error.


LaTeX Warning: Command \_ invalid in math mode on input line 80.


! LaTeX Error: Command \_ unavailable in encoding OT1.

See the LaTeX manual or LaTeX Companion for explanation.
Type  H <return>  for immediate help.
 ...                                              
                                                  
l.80   $[[\a_
             2]]{(3)}(\a_1,\a_2,\a_3) = [[\a_2 := X_3 := 0]]^{(3)}(\a_1,\a_2...

Your command was ignored.
Type  I <command> <return>  to replace it with another command,
or  <return>  to continue without it.


LaTeX Warning: Command \_ invalid in math mode on input line 80.


! LaTeX Error: Command \_ unavailable in encoding OT1.

See the LaTeX manual or LaTeX Companion for explanation.
Type  H <return>  for immediate help.
 ...                                              
                                                  
l.80   $[[\a_2]]{(3)}(\a_
                         1,\a_2,\a_3) = [[\a_2 := X_3 := 0]]^{(3)}(\a_1,\a_2...

Your command was ignored.
Type  I <command> <return>  to replace it with another command,
or  <return>  to continue without it.


LaTeX Warning: Command \_ invalid in math mode on input line 80.


! LaTeX Error: Command \_ unavailable in encoding OT1.

See the LaTeX manual or LaTeX Companion for explanation.
Type  H <return>  for immediate help.
 ...                                              
                                                  
l.80   $[[\a_2]]{(3)}(\a_1,\a_
                              2,\a_3) = [[\a_2 := X_3 := 0]]^{(3)}(\a_1,\a_2...

Your command was ignored.
Type  I <command> <return>  to replace it with another command,
or  <return>  to continue without it.


LaTeX Warning: Command \_ invalid in math mode on input line 80.


! LaTeX Error: Command \_ unavailable in encoding OT1.

See the LaTeX manual or LaTeX Companion for explanation.
Type  H <return>  for immediate help.
 ...                                              
                                                  
l.80   $[[\a_2]]{(3)}(\a_1,\a_2,\a_
                                   3) = [[\a_2 := X_3 := 0]]^{(3)}(\a_1,\a_2...

Your command was ignored.
Type  I <command> <return>  to replace it with another command,
or  <return>  to continue without it.


LaTeX Warning: Command \_ invalid in math mode on input line 80.


! LaTeX Error: Command \_ unavailable in encoding OT1.

See the LaTeX manual or LaTeX Companion for explanation.
Type  H <return>  for immediate help.
 ...                                              
                                                  
l.80   $[[\a_2]]{(3)}(\a_1,\a_2,\a_3) = [[\a_
                                             2 := X_3 := 0]]^{(3)}(\a_1,\a_2...

Your command was ignored.
Type  I <command> <return>  to replace it with another command,
or  <return>  to continue without it.


LaTeX Warning: Command \_ invalid in math mode on input line 80.


! LaTeX Error: Command \_ unavailable in encoding OT1.

See the LaTeX manual or LaTeX Companion for explanation.
Type  H <return>  for immediate help.
 ...                                              
                                                  
l.80 ...a_2,\a_3) = [[\a_2 := X_3 := 0]]^{(3)}(\a_
                                                  1,\a_2,\a_3)$ \\
Your command was ignored.
Type  I <command> <return>  to replace it with another command,
or  <return>  to continue without it.


LaTeX Warning: Command \_ invalid in math mode on input line 80.


! LaTeX Error: Command \_ unavailable in encoding OT1.

See the LaTeX manual or LaTeX Companion for explanation.
Type  H <return>  for immediate help.
 ...                                              
                                                  
l.80 ...a_3) = [[\a_2 := X_3 := 0]]^{(3)}(\a_1,\a_
                                                  2,\a_3)$ \\
Your command was ignored.
Type  I <command> <return>  to replace it with another command,
or  <return>  to continue without it.


LaTeX Warning: Command \_ invalid in math mode on input line 80.


! LaTeX Error: Command \_ unavailable in encoding OT1.

See the LaTeX manual or LaTeX Companion for explanation.
Type  H <return>  for immediate help.
 ...                                              
                                                  
l.80 ...= [[\a_2 := X_3 := 0]]^{(3)}(\a_1,\a_2,\a_
                                                  3)$ \\
Your command was ignored.
Type  I <command> <return>  to replace it with another command,
or  <return>  to continue without it.

! Preview: Snippet 25 ended.(653634+179404x13052560).
<-><->
      
l.80 ...[\a_2 := X_3 := 0]]^{(3)}(\a_1,\a_2,\a_3)$
                                                   \\
Not a real error.

[25]

! LaTeX Error: There's no line here to end.

See the LaTeX manual or LaTeX Companion for explanation.
Type  H <return>  for immediate help.
 ...                                              
                                                  
l.81   $
            = (\a_1,0,\a_3)$ \\[0.3cm]
Your command was ignored.
Type  I <command> <return>  to replace it with another command,
or  <return>  to continue without it.

! Preview: Snippet 26 started.
<-><->
      
l.81   $
            = (\a_1,0,\a_3)$ \\[0.3cm]
Not a real error.


LaTeX Warning: Command \_ invalid in math mode on input line 81.


! LaTeX Error: Command \_ unavailable in encoding OT1.

See the LaTeX manual or LaTeX Companion for explanation.
Type  H <return>  for immediate help.
 ...                                              
                                                  
l.81   $    = (\a_
                  1,0,\a_3)$ \\[0.3cm]
Your command was ignored.
Type  I <command> <return>  to replace it with another command,
or  <return>  to continue without it.


LaTeX Warning: Command \_ invalid in math mode on input line 81.


! LaTeX Error: Command \_ unavailable in encoding OT1.

See the LaTeX manual or LaTeX Companion for explanation.
Type  H <return>  for immediate help.
 ...                                              
                                                  
l.81   $    = (\a_1,0,\a_
                         3)$ \\[0.3cm]
Your command was ignored.
Type  I <command> <return>  to replace it with another command,
or  <return>  to continue without it.

! Preview: Snippet 26 ended.(538214+179404x3029945).
<-><->
      
l.81   $    = (\a_1,0,\a_3)$
                             \\[0.3cm]
Not a real error.

[26]

! LaTeX Error: There's no line here to end.

See the LaTeX manual or LaTeX Companion for explanation.
Type  H <return>  for immediate help.
 ...                                              
                                                  
l.81   $    = (\a_1,0,\a_3)$ \\[0.3cm]
                                      
Your command was ignored.
Type  I <command> <return>  to replace it with another command,
or  <return>  to continue without it.

! Preview: Snippet 27 started.
<-><->
      
l.83   $
        [[\a_3]]{(3)}(\a_1,\a_2,\a_3) = [[loop X_1(X_2 := X_3 + 1)]]^{(3)}(\...

Not a real error.


LaTeX Warning: Command \_ invalid in math mode on input line 83.


! LaTeX Error: Command \_ unavailable in encoding OT1.

See the LaTeX manual or LaTeX Companion for explanation.
Type  H <return>  for immediate help.
 ...                                              
                                                  
l.83   $[[\a_
             3]]{(3)}(\a_1,\a_2,\a_3) = [[loop X_1(X_2 := X_3 + 1)]]^{(3)}(\...

Your command was ignored.
Type  I <command> <return>  to replace it with another command,
or  <return>  to continue without it.


LaTeX Warning: Command \_ invalid in math mode on input line 83.


! LaTeX Error: Command \_ unavailable in encoding OT1.

See the LaTeX manual or LaTeX Companion for explanation.
Type  H <return>  for immediate help.
 ...                                              
                                                  
l.83   $[[\a_3]]{(3)}(\a_
                         1,\a_2,\a_3) = [[loop X_1(X_2 := X_3 + 1)]]^{(3)}(\...

Your command was ignored.
Type  I <command> <return>  to replace it with another command,
or  <return>  to continue without it.


LaTeX Warning: Command \_ invalid in math mode on input line 83.


! LaTeX Error: Command \_ unavailable in encoding OT1.

See the LaTeX manual or LaTeX Companion for explanation.
Type  H <return>  for immediate help.
 ...                                              
                                                  
l.83   $[[\a_3]]{(3)}(\a_1,\a_
                              2,\a_3) = [[loop X_1(X_2 := X_3 + 1)]]^{(3)}(\...

Your command was ignored.
Type  I <command> <return>  to replace it with another command,
or  <return>  to continue without it.


LaTeX Warning: Command \_ invalid in math mode on input line 83.


! LaTeX Error: Command \_ unavailable in encoding OT1.

See the LaTeX manual or LaTeX Companion for explanation.
Type  H <return>  for immediate help.
 ...                                              
                                                  
l.83   $[[\a_3]]{(3)}(\a_1,\a_2,\a_
                                   3) = [[loop X_1(X_2 := X_3 + 1)]]^{(3)}(\...

Your command was ignored.
Type  I <command> <return>  to replace it with another command,
or  <return>  to continue without it.


LaTeX Warning: Command \_ invalid in math mode on input line 83.


! LaTeX Error: Command \_ unavailable in encoding OT1.

See the LaTeX manual or LaTeX Companion for explanation.
Type  H <return>  for immediate help.
 ...                                              
                                                  
l.83 ...) = [[loop X_1(X_2 := X_3 + 1)]]^{(3)}(\a_
                                                  1,\a_2,\a_3)$ \\
Your command was ignored.
Type  I <command> <return>  to replace it with another command,
or  <return>  to continue without it.


LaTeX Warning: Command \_ invalid in math mode on input line 83.


! LaTeX Error: Command \_ unavailable in encoding OT1.

See the LaTeX manual or LaTeX Companion for explanation.
Type  H <return>  for immediate help.
 ...                                              
                                                  
l.83 ...[loop X_1(X_2 := X_3 + 1)]]^{(3)}(\a_1,\a_
                                                  2,\a_3)$ \\
Your command was ignored.
Type  I <command> <return>  to replace it with another command,
or  <return>  to continue without it.


LaTeX Warning: Command \_ invalid in math mode on input line 83.


! LaTeX Error: Command \_ unavailable in encoding OT1.

See the LaTeX manual or LaTeX Companion for explanation.
Type  H <return>  for immediate help.
 ...                                              
                                                  
l.83 ... X_1(X_2 := X_3 + 1)]]^{(3)}(\a_1,\a_2,\a_
                                                  3)$ \\
Your command was ignored.
Type  I <command> <return>  to replace it with another command,
or  <return>  to continue without it.

! Preview: Snippet 27 ended.(653634+179404x16069471).
<-><->
      
l.83 ...1(X_2 := X_3 + 1)]]^{(3)}(\a_1,\a_2,\a_3)$
                                                   \\
Not a real error.

[27]

! LaTeX Error: There's no line here to end.

See the LaTeX manual or LaTeX Companion for explanation.
Type  H <return>  for immediate help.
 ...                                              
                                                  
l.84   $
            = ([[X_2 := X_3 + 1]]^{(3)})^{\a_1}(\a_1,\a_2,\a_3)$ \\
Your command was ignored.
Type  I <command> <return>  to replace it with another command,
or  <return>  to continue without it.

! Preview: Snippet 28 started.
<-><->
      
l.84   $
            = ([[X_2 := X_3 + 1]]^{(3)})^{\a_1}(\a_1,\a_2,\a_3)$ \\
Not a real error.


LaTeX Warning: Command \_ invalid in math mode on input line 84.


! LaTeX Error: Command \_ unavailable in encoding OT1.

See the LaTeX manual or LaTeX Companion for explanation.
Type  H <return>  for immediate help.
 ...                                              
                                                  
l.84   $    = ([[X_2 := X_3 + 1]]^{(3)})^{\a_
                                             1}(\a_1,\a_2,\a_3)$ \\
Your command was ignored.
Type  I <command> <return>  to replace it with another command,
or  <return>  to continue without it.


LaTeX Warning: Command \_ invalid in math mode on input line 84.


! LaTeX Error: Command \_ unavailable in encoding OT1.

See the LaTeX manual or LaTeX Companion for explanation.
Type  H <return>  for immediate help.
 ...                                              
                                                  
l.84 ...   = ([[X_2 := X_3 + 1]]^{(3)})^{\a_1}(\a_
                                                  1,\a_2,\a_3)$ \\
Your command was ignored.
Type  I <command> <return>  to replace it with another command,
or  <return>  to continue without it.


LaTeX Warning: Command \_ invalid in math mode on input line 84.


! LaTeX Error: Command \_ unavailable in encoding OT1.

See the LaTeX manual or LaTeX Companion for explanation.
Type  H <return>  for immediate help.
 ...                                              
                                                  
l.84 ...([[X_2 := X_3 + 1]]^{(3)})^{\a_1}(\a_1,\a_
                                                  2,\a_3)$ \\
Your command was ignored.
Type  I <command> <return>  to replace it with another command,
or  <return>  to continue without it.


LaTeX Warning: Command \_ invalid in math mode on input line 84.


! LaTeX Error: Command \_ unavailable in encoding OT1.

See the LaTeX manual or LaTeX Companion for explanation.
Type  H <return>  for immediate help.
 ...                                              
                                                  
l.84 ...2 := X_3 + 1]]^{(3)})^{\a_1}(\a_1,\a_2,\a_
                                                  3)$ \\
Your command was ignored.
Type  I <command> <return>  to replace it with another command,
or  <return>  to continue without it.

! Preview: Snippet 28 ended.(653634+179404x9645034).
<-><->
      
l.84 ...= X_3 + 1]]^{(3)})^{\a_1}(\a_1,\a_2,\a_3)$
                                                   \\
Not a real error.

[28]

! LaTeX Error: There's no line here to end.

See the LaTeX manual or LaTeX Companion for explanation.
Type  H <return>  for immediate help.
 ...                                              
                                                  
l.85   $
            = (\a_1, \a_2 , \a_2 + \a_1) $ \\[0.5cm]
Your command was ignored.
Type  I <command> <return>  to replace it with another command,
or  <return>  to continue without it.

! Preview: Snippet 29 started.
<-><->
      
l.85   $
            = (\a_1, \a_2 , \a_2 + \a_1) $ \\[0.5cm]
Not a real error.


LaTeX Warning: Command \_ invalid in math mode on input line 85.


! LaTeX Error: Command \_ unavailable in encoding OT1.

See the LaTeX manual or LaTeX Companion for explanation.
Type  H <return>  for immediate help.
 ...                                              
                                                  
l.85   $    = (\a_
                  1, \a_2 , \a_2 + \a_1) $ \\[0.5cm]
Your command was ignored.
Type  I <command> <return>  to replace it with another command,
or  <return>  to continue without it.


LaTeX Warning: Command \_ invalid in math mode on input line 85.


! LaTeX Error: Command \_ unavailable in encoding OT1.

See the LaTeX manual or LaTeX Companion for explanation.
Type  H <return>  for immediate help.
 ...                                              
                                                  
l.85   $    = (\a_1, \a_
                        2 , \a_2 + \a_1) $ \\[0.5cm]
Your command was ignored.
Type  I <command> <return>  to replace it with another command,
or  <return>  to continue without it.


LaTeX Warning: Command \_ invalid in math mode on input line 85.


! LaTeX Error: Command \_ unavailable in encoding OT1.

See the LaTeX manual or LaTeX Companion for explanation.
Type  H <return>  for immediate help.
 ...                                              
                                                  
l.85   $    = (\a_1, \a_2 , \a_
                               2 + \a_1) $ \\[0.5cm]
Your command was ignored.
Type  I <command> <return>  to replace it with another command,
or  <return>  to continue without it.


LaTeX Warning: Command \_ invalid in math mode on input line 85.


! LaTeX Error: Command \_ unavailable in encoding OT1.

See the LaTeX manual or LaTeX Companion for explanation.
Type  H <return>  for immediate help.
 ...                                              
                                                  
l.85   $    = (\a_1, \a_2 , \a_2 + \a_
                                      1) $ \\[0.5cm]
Your command was ignored.
Type  I <command> <return>  to replace it with another command,
or  <return>  to continue without it.

! Preview: Snippet 29 ended.(538214+179404x4265841).
<-><->
      
l.85   $    = (\a_1, \a_2 , \a_2 + \a_1) $
                                           \\[0.5cm]
Not a real error.

[29]

! LaTeX Error: There's no line here to end.

See the LaTeX manual or LaTeX Companion for explanation.
Type  H <return>  for immediate help.
 ...                                              
                                                  
l.85 ...  = (\a_1, \a_2 , \a_2 + \a_1) $ \\[0.5cm]
                                                  
Your command was ignored.
Type  I <command> <return>  to replace it with another command,
or  <return>  to continue without it.

! Preview: Snippet 30 started.
<-><->
      
l.87 \subsection
                {Aufgabe 32}
Not a real error.

! Preview: Snippet 30 ended.(498346+139537x5812687).
<-><->
      
l.87 \subsection{Aufgabe 32}
                            
Not a real error.

[30

]  !name(th-loesung-10.tex) !offset(-89) )
! Emergency stop.
<*> &prv_th-loesung-10 _region_.tex
                                   
*** (job aborted, no legal \end found)

 
Here is how much of TeX's memory you used:
 194 strings out of 492062
 2540 string characters out of 3145684
 94391 words of memory out of 3000000
 6150 multiletter control sequences out of 15000+200000
 13282 words of font info for 52 fonts, out of 3000000 for 9000
 175 hyphenation exceptions out of 8191
 22i,9n,23p,170b,196s stack positions out of 5000i,500n,10000p,200000b,50000s
Output written on _region_.dvi (30 pages, 6804 bytes).
