This is pdfTeX, Version 3.1415926-2.4-1.40.13 (TeX Live 2012/Debian) (format=latex 2012.12.7)  27 DEC 2012 14:52
entering extended mode
 restricted \write18 enabled.
 %&-line parsing enabled.
**&latex prv_zettelkasten.org.ini \nonstopmode\nofiles\PassOptionsToPackage{act
ive,tightpage,auctex}{preview}\AtBeginDocument{\ifx\ifPreview\undefined\Require
Package[displaymath,floats,graphics,textmath,sections,footnotes]{preview}[2004/
11/05]\fi} \input zettelkasten.org.tex
(./prv_zettelkasten.org.ini
LaTeX2e <2011/06/27>
Babel <v3.8m> and hyphenation patterns for english, dumylang, nohyphenation, lo
aded.
(/usr/share/texlive/texmf-dist/tex/latex/carlisle/mylatex.ltx)
(/usr/share/texlive/texmf-dist/tex/latex/tools/.tex File ignored))
No auxiliary output files.

! I can't find file `zettelkasten.org.tex'.
<*> ...2004/11/05]\fi} \input zettelkasten.org.tex
                                                  
(Press Enter to retry, or Control-D to exit)
Please type another input file name
! Emergency stop.
<*> ...2004/11/05]\fi} \input zettelkasten.org.tex
                                                  
*** (job aborted, file error in nonstop mode)

 
Here is how much of TeX's memory you used:
 26 strings out of 495060
 671 string characters out of 3182053
 45057 words of memory out of 3000000
 3301 multiletter control sequences out of 15000+200000
 3640 words of font info for 14 fonts, out of 3000000 for 9000
 14 hyphenation exceptions out of 8191
 5i,0n,5p,508b,12s stack positions out of 5000i,500n,10000p,200000b,50000s
No pages of output.
