\BOOKMARK [1][-]{section.1}{Zettelverwaltung}{}% 1
\BOOKMARK [2][-]{subsection.1.1}{Zettel8 Elementare Stochastik}{section.1}% 2
\BOOKMARK [2][-]{subsection.1.2}{Zettel10 Logik}{section.1}% 3
\BOOKMARK [2][-]{subsection.1.3}{Softwaretechnik}{section.1}% 4
\BOOKMARK [2][-]{subsection.1.4}{Zettel10 Theoretische Informatik}{section.1}% 5
\BOOKMARK [1][-]{section.2}{Webdesign}{}% 6
\BOOKMARK [2][-]{subsection.2.1}{hilfreiche Links}{section.2}% 7
\BOOKMARK [2][-]{subsection.2.2}{Layout}{section.2}% 8
\BOOKMARK [2][-]{subsection.2.3}{Content}{section.2}% 9
\BOOKMARK [3][-]{subsubsection.2.3.1}{Mnemotechniken}{subsection.2.3}% 10
\BOOKMARK [3][-]{subsubsection.2.3.2}{Digitale Unterst\374tzungen}{subsection.2.3}% 11
\BOOKMARK [3][-]{subsubsection.2.3.3}{Notizen}{subsection.2.3}% 12
\BOOKMARK [3][-]{subsubsection.2.3.4}{Schnelles Lesen}{subsection.2.3}% 13
\BOOKMARK [3][-]{subsubsection.2.3.5}{Kopfrechnen}{subsection.2.3}% 14
\BOOKMARK [3][-]{subsubsection.2.3.6}{mentale Fitniss allgemein}{subsection.2.3}% 15
\BOOKMARK [3][-]{subsubsection.2.3.7}{Zeitmanagement}{subsection.2.3}% 16
\BOOKMARK [1][-]{section.3}{Elementare Stochastik}{}% 17
\BOOKMARK [2][-]{subsection.3.1}{Englisch}{section.3}% 18
\BOOKMARK [2][-]{subsection.3.2}{Verteilungen}{section.3}% 19
\BOOKMARK [2][-]{subsection.3.3}{Bedingter Erwartungswert}{section.3}% 20
\BOOKMARK [2][-]{subsection.3.4}{Zusammenh\344nge}{section.3}% 21
\BOOKMARK [2][-]{subsection.3.5}{W\366rterbuch}{section.3}% 22
\BOOKMARK [2][-]{subsection.3.6}{Zettel-06}{section.3}% 23
\BOOKMARK [3][-]{subsubsection.3.6.1}{Dateien}{subsection.3.6}% 24
\BOOKMARK [3][-]{subsubsection.3.6.2}{Informationen}{subsection.3.6}% 25
\BOOKMARK [2][-]{subsection.3.7}{Zettel-07}{section.3}% 26
\BOOKMARK [2][-]{subsection.3.8}{Zettel-08}{section.3}% 27
\BOOKMARK [3][-]{subsubsection.3.8.1}{header}{subsection.3.8}% 28
\BOOKMARK [3][-]{subsubsection.3.8.2}{Aufgabe 1}{subsection.3.8}% 29
\BOOKMARK [3][-]{subsubsection.3.8.3}{Aufgabe 2}{subsection.3.8}% 30
\BOOKMARK [3][-]{subsubsection.3.8.4}{Aufgabe 3}{subsection.3.8}% 31
\BOOKMARK [3][-]{subsubsection.3.8.5}{Aufgabe 4}{subsection.3.8}% 32
\BOOKMARK [3][-]{subsubsection.3.8.6}{Aufgabe 5}{subsection.3.8}% 33
\BOOKMARK [3][-]{subsubsection.3.8.7}{Aufgabe 6}{subsection.3.8}% 34
\BOOKMARK [3][-]{subsubsection.3.8.8}{footer}{subsection.3.8}% 35
\BOOKMARK [2][-]{subsection.3.9}{Zettel-09}{section.3}% 36
\BOOKMARK [2][-]{subsection.3.10}{Zettel-10}{section.3}% 37
\BOOKMARK [2][-]{subsection.3.11}{Zettel-11}{section.3}% 38
\BOOKMARK [1][-]{section.4}{Theoretische Informatik}{}% 39
\BOOKMARK [2][-]{subsection.4.1}{Turing Maschine}{section.4}% 40
\BOOKMARK [2][-]{subsection.4.2}{W\366rterbuch}{section.4}% 41
\BOOKMARK [2][-]{subsection.4.3}{Zettel-09}{section.4}% 42
\BOOKMARK [2][-]{subsection.4.4}{Zettel-10}{section.4}% 43
\BOOKMARK [3][-]{subsubsection.4.4.1}{header}{subsection.4.4}% 44
\BOOKMARK [3][-]{subsubsection.4.4.2}{Aufgabe 30}{subsection.4.4}% 45
\BOOKMARK [3][-]{subsubsection.4.4.3}{Aufgabe 31}{subsection.4.4}% 46
\BOOKMARK [3][-]{subsubsection.4.4.4}{Aufgabe 32}{subsection.4.4}% 47
\BOOKMARK [3][-]{subsubsection.4.4.5}{footer}{subsection.4.4}% 48
\BOOKMARK [2][-]{subsection.4.5}{Zettel-11}{section.4}% 49
\BOOKMARK [2][-]{subsection.4.6}{Zettel-12}{section.4}% 50
\BOOKMARK [2][-]{subsection.4.7}{Zettel-13}{section.4}% 51
\BOOKMARK [1][-]{section.5}{Softwaretechnik}{}% 52
\BOOKMARK [2][-]{subsection.5.1}{Hausaufgabe03}{section.5}% 53
\BOOKMARK [3][-]{subsubsection.5.1.1}{Aufgabe B}{subsection.5.1}% 54
\BOOKMARK [3][-]{subsubsection.5.1.2}{Aufgabe B}{subsection.5.1}% 55
\BOOKMARK [1][-]{section.6}{Logik}{}% 56
\BOOKMARK [2][-]{subsection.6.1}{W\366rterbuch}{section.6}% 57
\BOOKMARK [2][-]{subsection.6.2}{Zettel-08}{section.6}% 58
\BOOKMARK [3][-]{subsubsection.6.2.1}{Dateien}{subsection.6.2}% 59
\BOOKMARK [3][-]{subsubsection.6.2.2}{Informationen}{subsection.6.2}% 60
\BOOKMARK [2][-]{subsection.6.3}{Zettel-09}{section.6}% 61
\BOOKMARK [2][-]{subsection.6.4}{Zettel-10}{section.6}% 62
\BOOKMARK [3][-]{subsubsection.6.4.1}{header}{subsection.6.4}% 63
\BOOKMARK [3][-]{subsubsection.6.4.2}{Aufgabe 35}{subsection.6.4}% 64
\BOOKMARK [3][-]{subsubsection.6.4.3}{Aufgabe 36}{subsection.6.4}% 65
\BOOKMARK [3][-]{subsubsection.6.4.4}{footer}{subsection.6.4}% 66
\BOOKMARK [2][-]{subsection.6.5}{Zettel-11}{section.6}% 67
\BOOKMARK [2][-]{subsection.6.6}{Zettel-12}{section.6}% 68
\BOOKMARK [2][-]{subsection.6.7}{Zettel-13}{section.6}% 69
\BOOKMARK [1][-]{section.7}{Revive Sessions}{}% 70
\BOOKMARK [1][-]{section.8}{Unterhaltung}{}% 71
\BOOKMARK [2][-]{subsection.8.1}{The Watch - Nachbarn der 3. Art}{section.8}% 72
\BOOKMARK [2][-]{subsection.8.2}{Der Hobbit - Eine unerwartete Reise}{section.8}% 73
\BOOKMARK [2][-]{subsection.8.3}{Otto's eleven}{section.8}% 74
\BOOKMARK [1][-]{section.9}{Notes}{}% 75
